<?xml version="1.0" encoding="UTF-8"?>
<!-- Generated by org.testng.reporters.JUnitXMLReporter -->
<testsuite ignored="0" hostname="DESKTOP-OQOARMP" failures="1" tests="1" name="BankingApp Test" time="101.606" errors="0" timestamp="2022-09-28T12:43:18 IST">
  <testcase classname="com.inetbanking.testCases.TC_LoginTest_001" name="loginTest1" time="29.408">
    <failure type="java.lang.AssertionError" message="expected [Guru99 Bank Manager HomePage] but found [Guru99 Bank Manager HomePage122]">
      <![CDATA[java.lang.AssertionError: expected [Guru99 Bank Manager HomePage] but found [Guru99 Bank Manager HomePage122]
at com.inetbanking.testCases.TC_LoginTest_001.loginTest1(TC_LoginTest_001.java:25)
at java.base/java.util.ArrayList.forEach(ArrayList.java:1511)
... Removed 31 stack frames]]>
    </failure>
  </testcase> <!-- loginTest1 -->
</testsuite> <!-- BankingApp Test -->
