<?xml version="1.0" encoding="UTF-8"?>
<testng-results ignored="0" total="1" passed="1" failed="0" skipped="0">
  <reporter-output>
  </reporter-output>
  <suite started-at="2022-09-29T15:02:30 IST" name="InetBanking" finished-at="2022-09-29T15:03:55 IST" duration-ms="84681">
    <groups>
    </groups>
    <test started-at="2022-09-29T15:02:30 IST" name="BankingApp Test" finished-at="2022-09-29T15:03:55 IST" duration-ms="84681">
      <class name="com.inetbanking.testCases.TC_LoginTest_001">
        <test-method is-config="true" signature="setup(java.lang.String)[pri:0, instance:com.inetbanking.testCases.TC_LoginTest_001@4803b726]" started-at="2022-09-29T15:02:31 IST" name="setup" finished-at="2022-09-29T15:03:42 IST" duration-ms="71147" status="PASS">
          <params>
            <param index="0">
              <value>
                <![CDATA[firefox]]>
              </value>
            </param>
          </params>
          <reporter-output>
          </reporter-output>
        </test-method> <!-- setup -->
        <test-method signature="loginTest1()[pri:0, instance:com.inetbanking.testCases.TC_LoginTest_001@4803b726]" started-at="2022-09-29T15:03:42 IST" name="loginTest1" finished-at="2022-09-29T15:03:50 IST" duration-ms="7797" status="PASS">
          <reporter-output>
          </reporter-output>
        </test-method> <!-- loginTest1 -->
        <test-method is-config="true" signature="tearDown()[pri:0, instance:com.inetbanking.testCases.TC_LoginTest_001@4803b726]" started-at="2022-09-29T15:03:50 IST" name="tearDown" finished-at="2022-09-29T15:03:55 IST" duration-ms="4396" status="PASS">
          <reporter-output>
          </reporter-output>
        </test-method> <!-- tearDown -->
      </class> <!-- com.inetbanking.testCases.TC_LoginTest_001 -->
    </test> <!-- BankingApp Test -->
  </suite> <!-- InetBanking -->
</testng-results>
