<?xml version="1.0" encoding="UTF-8"?>
<testsuite xmlns:xsi="http://www.w3.org/2001/XMLSchema-instance" xsi:noNamespaceSchemaLocation="https://maven.apache.org/surefire/maven-surefire-plugin/xsd/surefire-test-report-3.0.xsd" version="3.0" name="TestSuite" time="130.694" tests="1" errors="0" skipped="0" failures="0">
  <properties>
[...]
</properties>
  <testcase name="loginTest1" classname="com.inetbanking.testCases.TC_LoginTest_001" time="15.835">
    <system-out><![CDATA[2022-09-28 10:29:13 INFO [main] (TC_LoginTest_001.java:16) - url is opened
2022-09-28 10:29:22 INFO [main] (TC_LoginTest_001.java:19) - username entered
2022-09-28 10:29:22 INFO [main] (TC_LoginTest_001.java:21) - password entered
2022-09-28 10:29:29 INFO [main] (TC_LoginTest_001.java:23) - clicked on submit
2022-09-28 10:29:29 INFO [main] (TC_LoginTest_001.java:28) - Test case passed
]]></system-out>
    <system-err><![CDATA[SLF4J: Failed to load class "org.slf4j.impl.StaticLoggerBinder".
SLF4J: Defaulting to no-operation (NOP) logger implementation
SLF4J: See http://www.slf4j.org/codes.html#StaticLoggerBinder for further details.
1664341053494	geckodriver	INFO	Listening on 127.0.0.1:59669
1664341055645	mozrunner::runner	INFO	Running command: "C:\\Program Files\\Mozilla Firefox\\firefox.exe" "--marionette" "--remote-debugging-port" "56370" "--remote-allow-hosts" "localhost" "--remote-allow-origins" "http://localhost:56370/" "-no-remote" "-profile" "C:\\Users\\admin\\AppData\\Local\\Temp\\rust_mozprofileaR2wXe"
1664341065621	Marionette	INFO	Marionette enabled
1664341065730	Marionette	INFO	Listening on port 50201
Read port: 50201
Read port: 50201
Read port: 50201
WebDriver BiDi listening on ws://127.0.0.1:56370
Read port: 50201
1664341075894	RemoteAgent	WARN	TLS certificate errors will be ignored for this session
console.error: Region.jsm: "Error fetching region" (new Error("TIMEOUT", "resource://gre/modules/Region.jsm", 768))
console.error: Region.jsm: "Failed to fetch region" (new Error("TIMEOUT", "resource://gre/modules/Region.jsm", 420))
console.warn: SearchSettings: "get: No settings file exists, new profile?" (new NotFoundError("Could not open the file at C:\\Users\\admin\\AppData\\Local\\Temp\\rust_mozprofileaR2wXe\\search.json.mozlz4", (void 0)))
DevTools listening on ws://127.0.0.1:56370/devtools/browser/ad67ef33-9f91-4132-b9ad-9b9dfa19c413
Sep 28, 2022 10:28:29 AM org.openqa.selenium.remote.ProtocolHandshake createSession
INFO: Detected upstream dialect: W3C
JavaScript error: https://s0.2mdn.net/879366/express_html_inpage_rendering_lib_200_276.js, line 133: Error: vignette: no interstitial API
JavaScript error: https://s0.2mdn.net/sadbundle/9744021625281691493/libs/createjs-2015.11.26.min.js, line 13: NS_ERROR_FAILURE: 
JavaScript error: https://s0.2mdn.net/sadbundle/9744021625281691493/libs/createjs-2015.11.26.min.js, line 13: NS_ERROR_FAILURE: 
JavaScript error: https://s0.2mdn.net/sadbundle/9744021625281691493/libs/createjs-2015.11.26.min.js, line 13: NS_ERROR_FAILURE: 
JavaScript error: https://s0.2mdn.net/sadbundle/9744021625281691493/libs/createjs-2015.11.26.min.js, line 13: NS_ERROR_FAILURE: 
JavaScript error: https://s0.2mdn.net/sadbundle/9744021625281691493/libs/createjs-2015.11.26.min.js, line 13: NS_ERROR_FAILURE: 
JavaScript error: https://s0.2mdn.net/sadbundle/9744021625281691493/libs/createjs-2015.11.26.min.js, line 13: NS_ERROR_FAILURE: 
JavaScript error: https://s0.2mdn.net/sadbundle/9744021625281691493/libs/createjs-2015.11.26.min.js, line 13: NS_ERROR_FAILURE: 
JavaScript error: https://s0.2mdn.net/sadbundle/9744021625281691493/libs/createjs-2015.11.26.min.js, line 13: NS_ERROR_FAILURE: 
JavaScript error: https://s0.2mdn.net/sadbundle/9744021625281691493/libs/createjs-2015.11.26.min.js, line 13: NS_ERROR_FAILURE: 
JavaScript error: https://s0.2mdn.net/sadbundle/9744021625281691493/libs/createjs-2015.11.26.min.js, line 13: NS_ERROR_FAILURE: 
JavaScript error: https://s0.2mdn.net/sadbundle/9744021625281691493/libs/createjs-2015.11.26.min.js, line 13: NS_ERROR_FAILURE: 
JavaScript warning: https://pagead2.googlesyndication.com/bg/EiKF25-Ew8QnV9WFt1cB1UkyXxUODWVwE4mmpr-jolo.js line 2 > eval line 6640 > eval line 1 > eval line 1 > eval, line 1: WEBGL_debug_renderer_info is deprecated in Firefox and will be removed. Please use RENDERER.
JavaScript error: https://s0.2mdn.net/sadbundle/9744021625281691493/libs/createjs-2015.11.26.min.js, line 13: NS_ERROR_FAILURE: 
JavaScript error: https://s0.2mdn.net/sadbundle/9744021625281691493/libs/createjs-2015.11.26.min.js, line 13: NS_ERROR_FAILURE: 
JavaScript error: https://s0.2mdn.net/sadbundle/9744021625281691493/libs/createjs-2015.11.26.min.js, line 13: NS_ERROR_FAILURE: 
JavaScript error: https://s0.2mdn.net/sadbundle/9744021625281691493/libs/createjs-2015.11.26.min.js, line 13: NS_ERROR_FAILURE: 
JavaScript error: https://s0.2mdn.net/sadbundle/9744021625281691493/libs/createjs-2015.11.26.min.js, line 13: NS_ERROR_FAILURE: 
JavaScript error: https://s0.2mdn.net/sadbundle/9744021625281691493/libs/createjs-2015.11.26.min.js, line 13: NS_ERROR_FAILURE: 
JavaScript error: https://s0.2mdn.net/sadbundle/9744021625281691493/libs/createjs-2015.11.26.min.js, line 13: NS_ERROR_FAILURE: 
JavaScript error: https://s0.2mdn.net/sadbundle/9744021625281691493/libs/createjs-2015.11.26.min.js, line 13: NS_ERROR_FAILURE: 
JavaScript error: https://s0.2mdn.net/sadbundle/9744021625281691493/libs/createjs-2015.11.26.min.js, line 13: NS_ERROR_FAILURE: 
JavaScript error: https://s0.2mdn.net/sadbundle/9744021625281691493/libs/createjs-2015.11.26.min.js, line 13: NS_ERROR_FAILURE: 
JavaScript error: https://s0.2mdn.net/sadbundle/9744021625281691493/libs/createjs-2015.11.26.min.js, line 13: NS_ERROR_FAILURE: 
JavaScript error: https://s0.2mdn.net/sadbundle/9744021625281691493/libs/createjs-2015.11.26.min.js, line 13: NS_ERROR_FAILURE: 
JavaScript error: https://s0.2mdn.net/sadbundle/9744021625281691493/libs/createjs-2015.11.26.min.js, line 13: NS_ERROR_FAILURE: 
JavaScript error: https://s0.2mdn.net/sadbundle/9744021625281691493/libs/createjs-2015.11.26.min.js, line 13: NS_ERROR_FAILURE: 
JavaScript error: https://s0.2mdn.net/sadbundle/9744021625281691493/libs/createjs-2015.11.26.min.js, line 13: NS_ERROR_FAILURE: 
JavaScript error: https://s0.2mdn.net/sadbundle/9744021625281691493/libs/createjs-2015.11.26.min.js, line 13: NS_ERROR_FAILURE: 
JavaScript error: https://s0.2mdn.net/sadbundle/9744021625281691493/libs/createjs-2015.11.26.min.js, line 13: NS_ERROR_FAILURE: 
JavaScript error: https://s0.2mdn.net/sadbundle/9744021625281691493/libs/createjs-2015.11.26.min.js, line 13: NS_ERROR_FAILURE: 
JavaScript error: https://s0.2mdn.net/sadbundle/9744021625281691493/libs/createjs-2015.11.26.min.js, line 13: NS_ERROR_FAILURE: 
JavaScript error: https://s0.2mdn.net/sadbundle/9744021625281691493/libs/createjs-2015.11.26.min.js, line 13: NS_ERROR_FAILURE: 
JavaScript error: https://s0.2mdn.net/sadbundle/9744021625281691493/libs/createjs-2015.11.26.min.js, line 13: NS_ERROR_FAILURE: 
JavaScript error: https://s0.2mdn.net/sadbundle/9744021625281691493/libs/createjs-2015.11.26.min.js, line 13: NS_ERROR_FAILURE: 
JavaScript error: https://s0.2mdn.net/sadbundle/9744021625281691493/libs/createjs-2015.11.26.min.js, line 13: NS_ERROR_FAILURE: 
JavaScript error: https://s0.2mdn.net/sadbundle/9744021625281691493/libs/createjs-2015.11.26.min.js, line 13: NS_ERROR_FAILURE: 
JavaScript error: https://s0.2mdn.net/sadbundle/9744021625281691493/libs/createjs-2015.11.26.min.js, line 13: NS_ERROR_FAILURE: 
JavaScript error: https://s0.2mdn.net/sadbundle/9744021625281691493/libs/createjs-2015.11.26.min.js, line 13: NS_ERROR_FAILURE: 
JavaScript error: https://s0.2mdn.net/sadbundle/9744021625281691493/libs/createjs-2015.11.26.min.js, line 13: NS_ERROR_FAILURE: 
JavaScript error: https://s0.2mdn.net/sadbundle/9744021625281691493/libs/createjs-2015.11.26.min.js, line 13: NS_ERROR_FAILURE: 
JavaScript error: https://s0.2mdn.net/sadbundle/9744021625281691493/libs/createjs-2015.11.26.min.js, line 13: NS_ERROR_FAILURE: 
JavaScript error: https://s0.2mdn.net/sadbundle/9744021625281691493/libs/createjs-2015.11.26.min.js, line 13: NS_ERROR_FAILURE: 
JavaScript error: https://s0.2mdn.net/sadbundle/9744021625281691493/libs/createjs-2015.11.26.min.js, line 13: NS_ERROR_FAILURE: 
JavaScript error: https://s0.2mdn.net/sadbundle/9744021625281691493/libs/createjs-2015.11.26.min.js, line 13: NS_ERROR_FAILURE: 
JavaScript error: https://s0.2mdn.net/sadbundle/9744021625281691493/libs/createjs-2015.11.26.min.js, line 13: NS_ERROR_FAILURE: 
JavaScript error: https://s0.2mdn.net/sadbundle/9744021625281691493/libs/createjs-2015.11.26.min.js, line 13: NS_ERROR_FAILURE: 
JavaScript error: https://s0.2mdn.net/sadbundle/9744021625281691493/libs/createjs-2015.11.26.min.js, line 13: NS_ERROR_FAILURE: 
JavaScript error: https://s0.2mdn.net/sadbundle/9744021625281691493/libs/createjs-2015.11.26.min.js, line 13: NS_ERROR_FAILURE: 
JavaScript error: https://s0.2mdn.net/sadbundle/9744021625281691493/libs/createjs-2015.11.26.min.js, line 13: NS_ERROR_FAILURE: 
JavaScript error: https://s0.2mdn.net/sadbundle/9744021625281691493/libs/createjs-2015.11.26.min.js, line 13: NS_ERROR_FAILURE: 
JavaScript error: https://s0.2mdn.net/sadbundle/9744021625281691493/libs/createjs-2015.11.26.min.js, line 13: NS_ERROR_FAILURE: 
JavaScript error: https://s0.2mdn.net/sadbundle/9744021625281691493/libs/createjs-2015.11.26.min.js, line 13: NS_ERROR_FAILURE: 
JavaScript error: https://s0.2mdn.net/sadbundle/9744021625281691493/libs/createjs-2015.11.26.min.js, line 13: NS_ERROR_FAILURE: 
JavaScript error: https://s0.2mdn.net/sadbundle/9744021625281691493/libs/createjs-2015.11.26.min.js, line 13: NS_ERROR_FAILURE: 
JavaScript error: https://s0.2mdn.net/sadbundle/9744021625281691493/libs/createjs-2015.11.26.min.js, line 13: NS_ERROR_FAILURE: 
JavaScript error: https://s0.2mdn.net/sadbundle/9744021625281691493/libs/createjs-2015.11.26.min.js, line 13: NS_ERROR_FAILURE: 
JavaScript error: https://s0.2mdn.net/sadbundle/9744021625281691493/libs/createjs-2015.11.26.min.js, line 13: NS_ERROR_FAILURE: 
JavaScript error: https://s0.2mdn.net/sadbundle/9744021625281691493/libs/createjs-2015.11.26.min.js, line 13: NS_ERROR_FAILURE: 
JavaScript error: https://s0.2mdn.net/sadbundle/9744021625281691493/libs/createjs-2015.11.26.min.js, line 13: NS_ERROR_FAILURE: 
JavaScript error: https://s0.2mdn.net/sadbundle/9744021625281691493/libs/createjs-2015.11.26.min.js, line 13: NS_ERROR_FAILURE: 
JavaScript error: https://s0.2mdn.net/sadbundle/9744021625281691493/libs/createjs-2015.11.26.min.js, line 13: NS_ERROR_FAILURE: 
JavaScript error: https://s0.2mdn.net/sadbundle/9744021625281691493/libs/createjs-2015.11.26.min.js, line 13: NS_ERROR_FAILURE: 
JavaScript error: https://s0.2mdn.net/sadbundle/9744021625281691493/libs/createjs-2015.11.26.min.js, line 13: NS_ERROR_FAILURE: 
JavaScript error: https://s0.2mdn.net/sadbundle/9744021625281691493/libs/createjs-2015.11.26.min.js, line 13: NS_ERROR_FAILURE: 
JavaScript error: https://s0.2mdn.net/sadbundle/9744021625281691493/libs/createjs-2015.11.26.min.js, line 13: NS_ERROR_FAILURE: 
JavaScript error: https://s0.2mdn.net/sadbundle/9744021625281691493/libs/createjs-2015.11.26.min.js, line 13: NS_ERROR_FAILURE: 
JavaScript error: https://s0.2mdn.net/sadbundle/9744021625281691493/libs/createjs-2015.11.26.min.js, line 13: NS_ERROR_FAILURE: 
JavaScript error: https://s0.2mdn.net/sadbundle/9744021625281691493/libs/createjs-2015.11.26.min.js, line 13: NS_ERROR_FAILURE: 
JavaScript error: https://s0.2mdn.net/sadbundle/9744021625281691493/libs/createjs-2015.11.26.min.js, line 13: NS_ERROR_FAILURE: 
JavaScript error: https://s0.2mdn.net/sadbundle/9744021625281691493/libs/createjs-2015.11.26.min.js, line 13: NS_ERROR_FAILURE: 
JavaScript error: https://s0.2mdn.net/sadbundle/9744021625281691493/libs/createjs-2015.11.26.min.js, line 13: NS_ERROR_FAILURE: 
JavaScript error: https://s0.2mdn.net/sadbundle/9744021625281691493/libs/createjs-2015.11.26.min.js, line 13: NS_ERROR_FAILURE: 
JavaScript error: https://s0.2mdn.net/sadbundle/9744021625281691493/libs/createjs-2015.11.26.min.js, line 13: NS_ERROR_FAILURE: 
JavaScript error: https://s0.2mdn.net/sadbundle/9744021625281691493/libs/createjs-2015.11.26.min.js, line 13: NS_ERROR_FAILURE: 
JavaScript error: https://s0.2mdn.net/sadbundle/9744021625281691493/libs/createjs-2015.11.26.min.js, line 13: NS_ERROR_FAILURE: 
JavaScript error: https://s0.2mdn.net/sadbundle/9744021625281691493/libs/createjs-2015.11.26.min.js, line 13: NS_ERROR_FAILURE: 
JavaScript error: https://s0.2mdn.net/sadbundle/9744021625281691493/libs/createjs-2015.11.26.min.js, line 13: NS_ERROR_FAILURE: 
JavaScript error: https://s0.2mdn.net/sadbundle/9744021625281691493/libs/createjs-2015.11.26.min.js, line 13: NS_ERROR_FAILURE: 
JavaScript error: https://s0.2mdn.net/sadbundle/9744021625281691493/libs/createjs-2015.11.26.min.js, line 13: NS_ERROR_FAILURE: 
JavaScript error: https://s0.2mdn.net/sadbundle/9744021625281691493/libs/createjs-2015.11.26.min.js, line 13: NS_ERROR_FAILURE: 
JavaScript error: https://s0.2mdn.net/sadbundle/9744021625281691493/libs/createjs-2015.11.26.min.js, line 13: NS_ERROR_FAILURE: 
JavaScript error: https://s0.2mdn.net/sadbundle/9744021625281691493/libs/createjs-2015.11.26.min.js, line 13: NS_ERROR_FAILURE: 
JavaScript error: https://s0.2mdn.net/sadbundle/9744021625281691493/libs/createjs-2015.11.26.min.js, line 13: NS_ERROR_FAILURE: 
JavaScript error: https://s0.2mdn.net/sadbundle/9744021625281691493/libs/createjs-2015.11.26.min.js, line 13: NS_ERROR_FAILURE: 
JavaScript error: https://s0.2mdn.net/sadbundle/9744021625281691493/libs/createjs-2015.11.26.min.js, line 13: NS_ERROR_FAILURE: 
JavaScript error: https://s0.2mdn.net/sadbundle/9744021625281691493/libs/createjs-2015.11.26.min.js, line 13: NS_ERROR_FAILURE: 
JavaScript error: https://s0.2mdn.net/sadbundle/9744021625281691493/libs/createjs-2015.11.26.min.js, line 13: NS_ERROR_FAILURE: 
JavaScript error: https://s0.2mdn.net/sadbundle/9744021625281691493/libs/createjs-2015.11.26.min.js, line 13: NS_ERROR_FAILURE: 
JavaScript error: https://s0.2mdn.net/sadbundle/9744021625281691493/libs/createjs-2015.11.26.min.js, line 13: NS_ERROR_FAILURE: 
JavaScript error: https://s0.2mdn.net/sadbundle/9744021625281691493/libs/createjs-2015.11.26.min.js, line 13: NS_ERROR_FAILURE: 
JavaScript error: https://s0.2mdn.net/sadbundle/9744021625281691493/libs/createjs-2015.11.26.min.js, line 13: NS_ERROR_FAILURE: 
JavaScript error: https://s0.2mdn.net/sadbundle/9744021625281691493/libs/createjs-2015.11.26.min.js, line 13: NS_ERROR_FAILURE: 
JavaScript error: https://s0.2mdn.net/sadbundle/9744021625281691493/libs/createjs-2015.11.26.min.js, line 13: NS_ERROR_FAILURE: 
JavaScript error: https://s0.2mdn.net/sadbundle/9744021625281691493/libs/createjs-2015.11.26.min.js, line 13: NS_ERROR_FAILURE: 
JavaScript error: https://s0.2mdn.net/sadbundle/9744021625281691493/libs/createjs-2015.11.26.min.js, line 13: NS_ERROR_FAILURE: 
JavaScript error: https://s0.2mdn.net/sadbundle/9744021625281691493/libs/createjs-2015.11.26.min.js, line 13: NS_ERROR_FAILURE: 
JavaScript error: https://s0.2mdn.net/sadbundle/9744021625281691493/libs/createjs-2015.11.26.min.js, line 13: NS_ERROR_FAILURE: 
JavaScript error: https://s0.2mdn.net/sadbundle/9744021625281691493/libs/createjs-2015.11.26.min.js, line 13: NS_ERROR_FAILURE: 
JavaScript error: https://s0.2mdn.net/sadbundle/9744021625281691493/libs/createjs-2015.11.26.min.js, line 13: NS_ERROR_FAILURE: 
JavaScript error: https://s0.2mdn.net/sadbundle/9744021625281691493/libs/createjs-2015.11.26.min.js, line 13: NS_ERROR_FAILURE: 
JavaScript error: https://s0.2mdn.net/sadbundle/9744021625281691493/libs/createjs-2015.11.26.min.js, line 13: NS_ERROR_FAILURE: 
JavaScript error: https://s0.2mdn.net/sadbundle/9744021625281691493/libs/createjs-2015.11.26.min.js, line 13: NS_ERROR_FAILURE: 
JavaScript error: https://s0.2mdn.net/sadbundle/9744021625281691493/libs/createjs-2015.11.26.min.js, line 13: NS_ERROR_FAILURE: 
JavaScript error: https://s0.2mdn.net/sadbundle/9744021625281691493/libs/createjs-2015.11.26.min.js, line 13: NS_ERROR_FAILURE: 
JavaScript error: https://s0.2mdn.net/sadbundle/9744021625281691493/libs/createjs-2015.11.26.min.js, line 13: NS_ERROR_FAILURE: 
JavaScript error: https://s0.2mdn.net/sadbundle/9744021625281691493/libs/createjs-2015.11.26.min.js, line 13: NS_ERROR_FAILURE: 
JavaScript error: https://s0.2mdn.net/sadbundle/9744021625281691493/libs/createjs-2015.11.26.min.js, line 13: NS_ERROR_FAILURE: 
JavaScript error: https://s0.2mdn.net/sadbundle/9744021625281691493/libs/createjs-2015.11.26.min.js, line 13: NS_ERROR_FAILURE: 
JavaScript error: https://s0.2mdn.net/sadbundle/9744021625281691493/libs/createjs-2015.11.26.min.js, line 13: NS_ERROR_FAILURE: 
JavaScript error: https://s0.2mdn.net/sadbundle/9744021625281691493/libs/createjs-2015.11.26.min.js, line 13: NS_ERROR_FAILURE: 
JavaScript error: https://s0.2mdn.net/sadbundle/9744021625281691493/libs/createjs-2015.11.26.min.js, line 13: NS_ERROR_FAILURE: 
JavaScript error: https://s0.2mdn.net/sadbundle/9744021625281691493/libs/createjs-2015.11.26.min.js, line 13: NS_ERROR_FAILURE: 
JavaScript error: https://s0.2mdn.net/sadbundle/9744021625281691493/libs/createjs-2015.11.26.min.js, line 13: NS_ERROR_FAILURE: 
JavaScript error: https://s0.2mdn.net/sadbundle/9744021625281691493/libs/createjs-2015.11.26.min.js, line 13: NS_ERROR_FAILURE: 
JavaScript error: https://s0.2mdn.net/sadbundle/9744021625281691493/libs/createjs-2015.11.26.min.js, line 13: NS_ERROR_FAILURE: 
JavaScript error: https://s0.2mdn.net/sadbundle/9744021625281691493/libs/createjs-2015.11.26.min.js, line 13: NS_ERROR_FAILURE: 
JavaScript warning: https://pagead2.googlesyndication.com/bg/EiKF25-Ew8QnV9WFt1cB1UkyXxUODWVwE4mmpr-jolo.js line 2 > eval line 6766 > eval line 1 > eval line 1 > eval, line 1: WEBGL_debug_renderer_info is deprecated in Firefox and will be removed. Please use RENDERER.
JavaScript error: https://s0.2mdn.net/sadbundle/9744021625281691493/libs/createjs-2015.11.26.min.js, line 13: NS_ERROR_FAILURE: 
JavaScript error: https://s0.2mdn.net/sadbundle/9744021625281691493/libs/createjs-2015.11.26.min.js, line 13: NS_ERROR_FAILURE: 
JavaScript error: https://s0.2mdn.net/sadbundle/9744021625281691493/libs/createjs-2015.11.26.min.js, line 13: NS_ERROR_FAILURE: 
JavaScript error: https://s0.2mdn.net/sadbundle/9744021625281691493/libs/createjs-2015.11.26.min.js, line 13: NS_ERROR_FAILURE: 
JavaScript error: https://s0.2mdn.net/sadbundle/9744021625281691493/libs/createjs-2015.11.26.min.js, line 13: NS_ERROR_FAILURE: 
JavaScript error: https://s0.2mdn.net/sadbundle/9744021625281691493/libs/createjs-2015.11.26.min.js, line 13: NS_ERROR_FAILURE: 
JavaScript error: https://s0.2mdn.net/sadbundle/9744021625281691493/libs/createjs-2015.11.26.min.js, line 13: NS_ERROR_FAILURE: 
JavaScript error: https://s0.2mdn.net/sadbundle/9744021625281691493/libs/createjs-2015.11.26.min.js, line 13: NS_ERROR_FAILURE: 
console.warn: LoginRecipes: "Falling back to a synchronous message for: https://demo.guru99.com."
console.warn: LoginRecipes: "Falling back to a synchronous message for: https://demo.guru99.com."
JavaScript error: https://s0.2mdn.net/sadbundle/9744021625281691493/libs/createjs-2015.11.26.min.js, line 13: NS_ERROR_FAILURE: 
1664341164282	Marionette	WARN	TimedPromise timed out after 500 ms: stacktrace:
TimedPromise/<@chrome://remote/content/marionette/sync.js:236:24
TimedPromise@chrome://remote/content/marionette/sync.js:221:10
interaction.flushEventLoop@chrome://remote/content/marionette/interaction.js:431:10
webdriverClickElement@chrome://remote/content/marionette/interaction.js:179:31
JavaScript error: https://s0.2mdn.net/sadbundle/9744021625281691493/libs/createjs-2015.11.26.min.js, line 13: NS_ERROR_FAILURE: 
JavaScript error: https://s0.2mdn.net/sadbundle/9744021625281691493/libs/createjs-2015.11.26.min.js, line 13: NS_ERROR_FAILURE: 
JavaScript error: https://s0.2mdn.net/sadbundle/9744021625281691493/libs/createjs-2015.11.26.min.js, line 13: NS_ERROR_FAILURE: 
JavaScript error: https://s0.2mdn.net/sadbundle/9744021625281691493/libs/createjs-2015.11.26.min.js, line 13: NS_ERROR_FAILURE: 
JavaScript error: https://s0.2mdn.net/sadbundle/9744021625281691493/libs/createjs-2015.11.26.min.js, line 13: NS_ERROR_FAILURE: 
JavaScript error: https://s0.2mdn.net/sadbundle/9744021625281691493/libs/createjs-2015.11.26.min.js, line 13: NS_ERROR_FAILURE: 
JavaScript error: https://s0.2mdn.net/sadbundle/9744021625281691493/libs/createjs-2015.11.26.min.js, line 13: NS_ERROR_FAILURE: 
JavaScript error: https://s0.2mdn.net/sadbundle/9744021625281691493/libs/createjs-2015.11.26.min.js, line 13: NS_ERROR_FAILURE: 
JavaScript error: https://s0.2mdn.net/sadbundle/9744021625281691493/libs/createjs-2015.11.26.min.js, line 13: NS_ERROR_FAILURE: 
JavaScript error: https://s0.2mdn.net/sadbundle/9744021625281691493/libs/createjs-2015.11.26.min.js, line 13: NS_ERROR_FAILURE: 
JavaScript error: https://s0.2mdn.net/sadbundle/9744021625281691493/libs/createjs-2015.11.26.min.js, line 13: NS_ERROR_FAILURE: 
JavaScript error: https://s0.2mdn.net/sadbundle/9744021625281691493/libs/createjs-2015.11.26.min.js, line 13: NS_ERROR_FAILURE: 
JavaScript error: https://s0.2mdn.net/sadbundle/9744021625281691493/libs/createjs-2015.11.26.min.js, line 13: NS_ERROR_FAILURE: 
JavaScript error: https://s0.2mdn.net/sadbundle/9744021625281691493/libs/createjs-2015.11.26.min.js, line 13: NS_ERROR_FAILURE: 
JavaScript error: https://s0.2mdn.net/sadbundle/9744021625281691493/libs/createjs-2015.11.26.min.js, line 13: NS_ERROR_FAILURE: 
JavaScript error: https://s0.2mdn.net/sadbundle/9744021625281691493/libs/createjs-2015.11.26.min.js, line 13: NS_ERROR_FAILURE: 
JavaScript error: https://s0.2mdn.net/sadbundle/9744021625281691493/libs/createjs-2015.11.26.min.js, line 13: NS_ERROR_FAILURE: 
JavaScript error: https://s0.2mdn.net/sadbundle/9744021625281691493/libs/createjs-2015.11.26.min.js, line 13: NS_ERROR_FAILURE: 
JavaScript error: https://s0.2mdn.net/sadbundle/9744021625281691493/libs/createjs-2015.11.26.min.js, line 13: NS_ERROR_FAILURE: 
JavaScript error: https://s0.2mdn.net/sadbundle/9744021625281691493/libs/createjs-2015.11.26.min.js, line 13: NS_ERROR_FAILURE: 
JavaScript error: https://s0.2mdn.net/sadbundle/9744021625281691493/libs/createjs-2015.11.26.min.js, line 13: NS_ERROR_FAILURE: 
1664341165527	Marionette	WARN	Ignoring event 'DOMContentLoaded' because document has an invalid readyState of 'complete'.
]]></system-err>
  </testcase>
</testsuite>