<?xml version="1.0" encoding="UTF-8"?>
<testng-results ignored="0" total="1" passed="1" failed="0" skipped="0">
  <reporter-output>
  </reporter-output>
  <suite started-at="2022-09-28T10:27:27 IST" name="InetBanking" finished-at="2022-09-28T10:29:35 IST" duration-ms="128130">
    <groups>
    </groups>
    <test started-at="2022-09-28T10:27:27 IST" name="BankingApp Test" finished-at="2022-09-28T10:29:35 IST" duration-ms="128130">
      <class name="com.inetbanking.testCases.TC_LoginTest_001">
        <test-method is-config="true" signature="setup(java.lang.String)[pri:0, instance:com.inetbanking.testCases.TC_LoginTest_001@36916eb0]" started-at="2022-09-28T10:27:28 IST" name="setup" finished-at="2022-09-28T10:29:13 IST" duration-ms="105127" status="PASS">
          <params>
            <param index="0">
              <value>
                <![CDATA[firefox]]>
              </value>
            </param>
          </params>
          <reporter-output>
          </reporter-output>
        </test-method> <!-- setup -->
        <test-method signature="loginTest1()[pri:0, instance:com.inetbanking.testCases.TC_LoginTest_001@36916eb0]" started-at="2022-09-28T10:29:13 IST" name="loginTest1" finished-at="2022-09-28T10:29:29 IST" duration-ms="15825" status="PASS">
          <reporter-output>
          </reporter-output>
        </test-method> <!-- loginTest1 -->
        <test-method is-config="true" signature="tearDown()[pri:0, instance:com.inetbanking.testCases.TC_LoginTest_001@36916eb0]" started-at="2022-09-28T10:29:29 IST" name="tearDown" finished-at="2022-09-28T10:29:35 IST" duration-ms="6542" status="PASS">
          <reporter-output>
          </reporter-output>
        </test-method> <!-- tearDown -->
      </class> <!-- com.inetbanking.testCases.TC_LoginTest_001 -->
    </test> <!-- BankingApp Test -->
  </suite> <!-- InetBanking -->
</testng-results>
